android/app/build/intermediates/manifest_merge_blame_file/release/manifest-merger-blame-release-report.txt
1<?xml version="1.0" encoding="utf-8"?>
2<manifest xmlns:android="http://schemas.android.com/apk/res/android"
3    package="com.azper.sizzle"
4    android:versionCode="1"
5    android:versionName="1.0.0" >
6
7    <uses-sdk
8        android:minSdkVersion="21"
8-->src\main\AndroidManifest.xml
9        android:targetSdkVersion="29" />
9-->src\main\AndroidManifest.xml
10
11    <uses-permission android:name="android.permission.INTERNET" />
11-->src\main\AndroidManifest.xml:2:3-64
11-->src\main\AndroidManifest.xml:2:20-62
12    <uses-permission android:name="android.permission.SYSTEM_ALERT_WINDOW" />
12-->src\main\AndroidManifest.xml:3:3-75
12-->src\main\AndroidManifest.xml:3:20-73
13    <uses-permission android:name="android.permission.READ_PHONE_STATE" />
13-->src\main\AndroidManifest.xml:4:3-72
13-->src\main\AndroidManifest.xml:4:20-70
14    <uses-permission android:name="android.permission.USE_FINGERPRINT" />
14-->src\main\AndroidManifest.xml:5:3-71
14-->src\main\AndroidManifest.xml:5:20-69
15    <uses-permission android:name="android.permission.USE_BIOMETRIC" />
15-->src\main\AndroidManifest.xml:6:3-69
15-->src\main\AndroidManifest.xml:6:20-67
16    <uses-permission android:name="android.permission.VIBRATE" />
16-->src\main\AndroidManifest.xml:7:3-63
16-->src\main\AndroidManifest.xml:7:20-61
17    <uses-permission android:name="android.permission.MODIFY_AUDIO_SETTINGS" />
17-->src\main\AndroidManifest.xml:8:3-77
17-->src\main\AndroidManifest.xml:8:20-75
18    <uses-permission android:name="android.permission.ACCESS_COARSE_LOCATION" />
18-->src\main\AndroidManifest.xml:9:3-78
18-->src\main\AndroidManifest.xml:9:20-76
19    <uses-permission android:name="android.permission.ACCESS_FINE_LOCATION" />
19-->src\main\AndroidManifest.xml:10:3-76
19-->src\main\AndroidManifest.xml:10:20-74
20    <uses-permission android:name="android.permission.ACCESS_BACKGROUND_LOCATION" />
20-->src\main\AndroidManifest.xml:11:3-82
20-->src\main\AndroidManifest.xml:11:20-80
21    <uses-permission android:name="android.permission.CAMERA" />
21-->src\main\AndroidManifest.xml:12:3-62
21-->src\main\AndroidManifest.xml:12:20-60
22    <uses-permission android:name="android.permission.RECORD_AUDIO" />
22-->src\main\AndroidManifest.xml:13:3-68
22-->src\main\AndroidManifest.xml:13:20-66
23    <uses-permission android:name="android.permission.READ_CONTACTS" />
23-->src\main\AndroidManifest.xml:14:3-69
23-->src\main\AndroidManifest.xml:14:20-67
24    <uses-permission android:name="android.permission.WRITE_CONTACTS" />
24-->src\main\AndroidManifest.xml:15:3-70
24-->src\main\AndroidManifest.xml:15:20-68
25    <uses-permission android:name="android.permission.READ_CALENDAR" />
25-->src\main\AndroidManifest.xml:16:3-69
25-->src\main\AndroidManifest.xml:16:20-67
26    <uses-permission android:name="android.permission.WRITE_CALENDAR" />
26-->src\main\AndroidManifest.xml:17:3-70
26-->src\main\AndroidManifest.xml:17:20-68
27    <uses-permission android:name="android.permission.READ_EXTERNAL_STORAGE" />
27-->src\main\AndroidManifest.xml:18:3-77
27-->src\main\AndroidManifest.xml:18:20-75
28    <uses-permission android:name="android.permission.WRITE_EXTERNAL_STORAGE" />
28-->src\main\AndroidManifest.xml:19:3-78
28-->src\main\AndroidManifest.xml:19:20-76
29    <uses-permission android:name="android.permission.WRITE_SETTINGS" />
29-->src\main\AndroidManifest.xml:20:3-70
29-->src\main\AndroidManifest.xml:20:20-68
30    <uses-permission android:name="android.permission.ACCESS_NETWORK_STATE" />
30-->src\main\AndroidManifest.xml:21:3-76
30-->src\main\AndroidManifest.xml:21:20-74
31    <uses-permission android:name="android.permission.WAKE_LOCK" />
31-->src\main\AndroidManifest.xml:22:3-65
31-->src\main\AndroidManifest.xml:22:20-63
32    <uses-permission android:name="com.google.android.c2dm.permission.RECEIVE" />
32-->src\main\AndroidManifest.xml:23:3-79
32-->src\main\AndroidManifest.xml:23:20-77
33    <uses-permission android:name="android.permission.FOREGROUND_SERVICE" />
33-->[:expo-location] AndroidManifest.xml:13:5-77
33-->[:expo-location] AndroidManifest.xml:13:22-74
34    <uses-permission android:name="android.permission.RECEIVE_BOOT_COMPLETED" />
34-->[:expo-notifications] AndroidManifest.xml:11:5-81
34-->[:expo-notifications] AndroidManifest.xml:11:22-78
35
36    <uses-feature
36-->[com.google.android.gms:play-services-maps:17.0.0] AndroidManifest.xml:26:5-28:35
37        android:glEsVersion="0x00020000"
37-->[com.google.android.gms:play-services-maps:17.0.0] AndroidManifest.xml:27:9-41
38        android:required="true" />
38-->[com.google.android.gms:play-services-maps:17.0.0] AndroidManifest.xml:28:9-32
39
40    <uses-permission android:name="com.google.android.finsky.permission.BIND_GET_INSTALL_REFERRER_SERVICE" />
40-->[com.google.android.gms:play-services-measurement:18.0.3] AndroidManifest.xml:26:5-110
40-->[com.google.android.gms:play-services-measurement:18.0.3] AndroidManifest.xml:26:22-107
41    <uses-permission android:name="com.google.android.providers.gsf.permission.READ_GSERVICES" />
41-->[io.nlopez.smartlocation:library:3.2.11] AndroidManifest.xml:15:5-98
41-->[io.nlopez.smartlocation:library:3.2.11] AndroidManifest.xml:15:22-95
42    <uses-permission android:name="com.google.android.gms.permission.ACTIVITY_RECOGNITION" /> <!-- for android -->
42-->[io.nlopez.smartlocation:library:3.2.11] AndroidManifest.xml:16:5-94
42-->[io.nlopez.smartlocation:library:3.2.11] AndroidManifest.xml:16:22-91
43    <!-- <uses-permission android:name="com.android.launcher.permission.READ_SETTINGS"/> -->
44    <!-- <uses-permission android:name="com.android.launcher.permission.WRITE_SETTINGS"/> -->
45    <!-- <uses-permission android:name="com.android.launcher.permission.INSTALL_SHORTCUT" /> -->
46    <!-- <uses-permission android:name="com.android.launcher.permission.UNINSTALL_SHORTCUT" /> -->
47    <!-- for Samsung -->
48    <uses-permission android:name="com.sec.android.provider.badge.permission.READ" />
48-->[me.leolin:ShortcutBadger:1.1.22] AndroidManifest.xml:19:5-86
48-->[me.leolin:ShortcutBadger:1.1.22] AndroidManifest.xml:19:22-83
49    <uses-permission android:name="com.sec.android.provider.badge.permission.WRITE" /> <!-- for htc -->
49-->[me.leolin:ShortcutBadger:1.1.22] AndroidManifest.xml:20:5-87
49-->[me.leolin:ShortcutBadger:1.1.22] AndroidManifest.xml:20:22-84
50    <uses-permission android:name="com.htc.launcher.permission.READ_SETTINGS" />
50-->[me.leolin:ShortcutBadger:1.1.22] AndroidManifest.xml:23:5-81
50-->[me.leolin:ShortcutBadger:1.1.22] AndroidManifest.xml:23:22-78
51    <uses-permission android:name="com.htc.launcher.permission.UPDATE_SHORTCUT" /> <!-- for sony -->
51-->[me.leolin:ShortcutBadger:1.1.22] AndroidManifest.xml:24:5-83
51-->[me.leolin:ShortcutBadger:1.1.22] AndroidManifest.xml:24:22-80
52    <uses-permission android:name="com.sonyericsson.home.permission.BROADCAST_BADGE" />
52-->[me.leolin:ShortcutBadger:1.1.22] AndroidManifest.xml:27:5-88
52-->[me.leolin:ShortcutBadger:1.1.22] AndroidManifest.xml:27:22-85
53    <uses-permission android:name="com.sonymobile.home.permission.PROVIDER_INSERT_BADGE" /> <!-- for apex -->
53-->[me.leolin:ShortcutBadger:1.1.22] AndroidManifest.xml:28:5-92
53-->[me.leolin:ShortcutBadger:1.1.22] AndroidManifest.xml:28:22-89
54    <uses-permission android:name="com.anddoes.launcher.permission.UPDATE_COUNT" /> <!-- for solid -->
54-->[me.leolin:ShortcutBadger:1.1.22] AndroidManifest.xml:31:5-84
54-->[me.leolin:ShortcutBadger:1.1.22] AndroidManifest.xml:31:22-81
55    <uses-permission android:name="com.majeur.launcher.permission.UPDATE_BADGE" /> <!-- for huawei -->
55-->[me.leolin:ShortcutBadger:1.1.22] AndroidManifest.xml:34:5-83
55-->[me.leolin:ShortcutBadger:1.1.22] AndroidManifest.xml:34:22-80
56    <uses-permission android:name="com.huawei.android.launcher.permission.CHANGE_BADGE" />
56-->[me.leolin:ShortcutBadger:1.1.22] AndroidManifest.xml:37:5-91
56-->[me.leolin:ShortcutBadger:1.1.22] AndroidManifest.xml:37:22-88
57    <uses-permission android:name="com.huawei.android.launcher.permission.READ_SETTINGS" />
57-->[me.leolin:ShortcutBadger:1.1.22] AndroidManifest.xml:38:5-92
57-->[me.leolin:ShortcutBadger:1.1.22] AndroidManifest.xml:38:22-89
58    <uses-permission android:name="com.huawei.android.launcher.permission.WRITE_SETTINGS" /> <!-- for ZUK -->
58-->[me.leolin:ShortcutBadger:1.1.22] AndroidManifest.xml:39:5-93
58-->[me.leolin:ShortcutBadger:1.1.22] AndroidManifest.xml:39:22-90
59    <uses-permission android:name="android.permission.READ_APP_BADGE" /> <!-- for OPPO -->
59-->[me.leolin:ShortcutBadger:1.1.22] AndroidManifest.xml:42:5-73
59-->[me.leolin:ShortcutBadger:1.1.22] AndroidManifest.xml:42:22-70
60    <uses-permission android:name="com.oppo.launcher.permission.READ_SETTINGS" />
60-->[me.leolin:ShortcutBadger:1.1.22] AndroidManifest.xml:45:5-82
60-->[me.leolin:ShortcutBadger:1.1.22] AndroidManifest.xml:45:22-79
61    <uses-permission android:name="com.oppo.launcher.permission.WRITE_SETTINGS" /> <!-- for EvMe -->
61-->[me.leolin:ShortcutBadger:1.1.22] AndroidManifest.xml:46:5-83
61-->[me.leolin:ShortcutBadger:1.1.22] AndroidManifest.xml:46:22-80
62    <uses-permission android:name="me.everything.badger.permission.BADGE_COUNT_READ" />
62-->[me.leolin:ShortcutBadger:1.1.22] AndroidManifest.xml:49:5-88
62-->[me.leolin:ShortcutBadger:1.1.22] AndroidManifest.xml:49:22-85
63    <uses-permission android:name="me.everything.badger.permission.BADGE_COUNT_WRITE" />
63-->[me.leolin:ShortcutBadger:1.1.22] AndroidManifest.xml:50:5-89
63-->[me.leolin:ShortcutBadger:1.1.22] AndroidManifest.xml:50:22-86
64
65    <application
65-->src\main\AndroidManifest.xml:24:3-55:17
66        android:name="com.azper.sizzle.MainApplication"
66-->src\main\AndroidManifest.xml:24:16-47
67        android:allowBackup="true"
67-->src\main\AndroidManifest.xml:29:8-34
68        android:appComponentFactory="androidx.core.app.CoreComponentFactory"
68-->[androidx.core:core:1.3.0] AndroidManifest.xml:24:18-86
69        android:icon="@mipmap/ic_launcher"
69-->src\main\AndroidManifest.xml:27:6-40
70        android:label="@string/app_name"
70-->src\main\AndroidManifest.xml:25:4-36
71        android:roundIcon="@mipmap/ic_launcher_round"
71-->src\main\AndroidManifest.xml:28:7-52
72        android:supportsRtl="true"
72-->[com.facebook.android:facebook-android-sdk:9.0.0] AndroidManifest.xml:28:18-44
73        android:theme="@style/AppTheme"
73-->src\main\AndroidManifest.xml:30:9-40
74        android:usesCleartextTraffic="true" >
74-->src\main\AndroidManifest.xml:26:6-41
75        <meta-data
75-->src\main\AndroidManifest.xml:31:5-32:63
76            android:name="expo.modules.updates.EXPO_UPDATE_URL"
76-->src\main\AndroidManifest.xml:31:16-67
77            android:value="https://exp.host/@riyaztad/sizzle-front" />
77-->src\main\AndroidManifest.xml:32:6-61
78        <meta-data
78-->src\main\AndroidManifest.xml:33:5-93
79            android:name="expo.modules.updates.EXPO_SDK_VERSION"
79-->src\main\AndroidManifest.xml:33:16-68
80            android:value="40.0.0" />
80-->src\main\AndroidManifest.xml:33:69-91
81        <meta-data
81-->src\main\AndroidManifest.xml:34:5-103
82            android:name="com.facebook.sdk.ApplicationId"
82-->src\main\AndroidManifest.xml:34:16-61
83            android:value="@string/facebook_app_id" />
83-->src\main\AndroidManifest.xml:34:62-101
84        <meta-data
84-->src\main\AndroidManifest.xml:35:5-119
85            android:name="com.google.android.geo.API_KEY"
85-->src\main\AndroidManifest.xml:35:16-61
86            android:value="AIzaSyDjUB-i3JWraUXBNqnaPF46eLNY19WRqNk" />
86-->src\main\AndroidManifest.xml:35:62-117
87        <meta-data
87-->src\main\AndroidManifest.xml:36:5-82
88            android:name="expo.modules.updates.ENABLED"
88-->src\main\AndroidManifest.xml:36:16-59
89            android:value="true" />
89-->src\main\AndroidManifest.xml:36:60-80
90        <meta-data
90-->src\main\AndroidManifest.xml:37:5-105
91            android:name="expo.modules.updates.EXPO_UPDATES_CHECK_ON_LAUNCH"
91-->src\main\AndroidManifest.xml:37:16-80
92            android:value="ALWAYS" />
92-->src\main\AndroidManifest.xml:37:81-103
93        <meta-data
93-->src\main\AndroidManifest.xml:38:5-99
94            android:name="expo.modules.updates.EXPO_UPDATES_LAUNCH_WAIT_MS"
94-->src\main\AndroidManifest.xml:38:16-79
95            android:value="0" />
95-->src\main\AndroidManifest.xml:38:80-97
96
97        <activity
97-->src\main\AndroidManifest.xml:39:5-52:16
98            android:name="com.azper.sizzle.MainActivity"
98-->src\main\AndroidManifest.xml:39:15-43
99            android:configChanges="keyboard|keyboardHidden|orientation|screenSize|uiMode"
99-->src\main\AndroidManifest.xml:39:77-154
100            android:label="@string/app_name"
100-->src\main\AndroidManifest.xml:39:44-76
101            android:launchMode="singleTask"
101-->src\main\AndroidManifest.xml:39:155-186
102            android:screenOrientation="portrait"
102-->src\main\AndroidManifest.xml:41:6-42
103            android:windowSoftInputMode="adjustResize" >
103-->src\main\AndroidManifest.xml:39:187-229
104            <intent-filter>
104-->src\main\AndroidManifest.xml:42:7-45:23
105                <action android:name="android.intent.action.MAIN" />
105-->src\main\AndroidManifest.xml:43:9-60
105-->src\main\AndroidManifest.xml:43:17-58
106
107                <category android:name="android.intent.category.LAUNCHER" />
107-->src\main\AndroidManifest.xml:44:9-68
107-->src\main\AndroidManifest.xml:44:19-66
108            </intent-filter>
109            <intent-filter>
109-->src\main\AndroidManifest.xml:46:7-51:23
110                <action android:name="android.intent.action.VIEW" />
110-->src\main\AndroidManifest.xml:47:9-60
110-->src\main\AndroidManifest.xml:47:17-58
111
112                <category android:name="android.intent.category.DEFAULT" />
112-->src\main\AndroidManifest.xml:48:9-67
112-->src\main\AndroidManifest.xml:48:19-65
113                <category android:name="android.intent.category.BROWSABLE" />
113-->src\main\AndroidManifest.xml:49:9-69
113-->src\main\AndroidManifest.xml:49:19-67
114
115                <data android:scheme="com.azper.sizzle" />
115-->src\main\AndroidManifest.xml:50:9-50
115-->src\main\AndroidManifest.xml:50:15-48
116            </intent-filter>
117        </activity>
118        <activity android:name="com.facebook.react.devsupport.DevSettingsActivity" />
118-->src\main\AndroidManifest.xml:53:5-81
118-->src\main\AndroidManifest.xml:53:15-79
119
120        <uses-library
120-->src\main\AndroidManifest.xml:54:5-83
121            android:name="org.apache.http.legacy"
121-->src\main\AndroidManifest.xml:54:19-56
122            android:required="false" />
122-->src\main\AndroidManifest.xml:54:57-81
123
124        <meta-data
124-->[:unimodules-react-native-adapter] AndroidManifest.xml:12:9-14:91
125            android:name="org.unimodules.core.AppLoader#react-native-headless"
125-->[:unimodules-react-native-adapter] AndroidManifest.xml:13:13-79
126            android:value="org.unimodules.adapters.react.apploader.RNHeadlessAppLoader" />
126-->[:unimodules-react-native-adapter] AndroidManifest.xml:14:13-88
127
128        <service android:name="io.invertase.firebase.messaging.ReactNativeFirebaseMessagingHeadlessService" />
128-->[:react-native-firebase_messaging] AndroidManifest.xml:16:9-111
128-->[:react-native-firebase_messaging] AndroidManifest.xml:16:18-108
129        <service
129-->[:react-native-firebase_messaging] AndroidManifest.xml:17:9-23:19
130            android:name="io.invertase.firebase.messaging.ReactNativeFirebaseMessagingService"
130-->[:react-native-firebase_messaging] AndroidManifest.xml:18:13-95
131            android:exported="false" >
131-->[:react-native-firebase_messaging] AndroidManifest.xml:19:13-37
132            <intent-filter>
132-->[:react-native-firebase_messaging] AndroidManifest.xml:20:13-22:29
133                <action android:name="com.google.firebase.MESSAGING_EVENT" />
133-->[:react-native-firebase_messaging] AndroidManifest.xml:21:17-78
133-->[:react-native-firebase_messaging] AndroidManifest.xml:21:25-75
134            </intent-filter>
135        </service>
136
137        <receiver
137-->[:react-native-firebase_messaging] AndroidManifest.xml:25:9-32:20
138            android:name="io.invertase.firebase.messaging.ReactNativeFirebaseMessagingReceiver"
138-->[:react-native-firebase_messaging] AndroidManifest.xml:26:13-96
139            android:exported="true"
139-->[:react-native-firebase_messaging] AndroidManifest.xml:27:13-36
140            android:permission="com.google.android.c2dm.permission.SEND" >
140-->[:react-native-firebase_messaging] AndroidManifest.xml:28:13-73
141            <intent-filter>
141-->[:react-native-firebase_messaging] AndroidManifest.xml:29:13-31:29
142                <action android:name="com.google.android.c2dm.intent.RECEIVE" />
142-->[:react-native-firebase_messaging] AndroidManifest.xml:30:17-81
142-->[:react-native-firebase_messaging] AndroidManifest.xml:30:25-78
143            </intent-filter>
144        </receiver>
145
146        <meta-data
146-->[:react-native-firebase_messaging] AndroidManifest.xml:34:9-36:36
147            android:name="firebase_messaging_auto_init_enabled"
147-->[:react-native-firebase_messaging] AndroidManifest.xml:35:13-64
148            android:value="true" />
148-->[:react-native-firebase_messaging] AndroidManifest.xml:36:13-33
149        <meta-data
149-->[:react-native-firebase_messaging] AndroidManifest.xml:37:9-39:32
150            android:name="com.google.firebase.messaging.default_notification_channel_id"
150-->[:react-native-firebase_messaging] AndroidManifest.xml:38:13-89
151            android:value="" />
151-->[:react-native-firebase_messaging] AndroidManifest.xml:39:13-29
152        <meta-data
152-->[:react-native-firebase_messaging] AndroidManifest.xml:40:9-42:47
153            android:name="com.google.firebase.messaging.default_notification_color"
153-->[:react-native-firebase_messaging] AndroidManifest.xml:41:13-84
154            android:resource="@color/white" />
154-->[:react-native-firebase_messaging] AndroidManifest.xml:42:13-44
155
156        <activity android:name="com.masteratul.exceptionhandler.DefaultErrorScreen" >
156-->[:react-native-exception-handler] AndroidManifest.xml:12:9-13:20
156-->[:react-native-exception-handler] AndroidManifest.xml:12:19-84
157        </activity>
158        <activity
158-->[com.google.android.gms:play-services-auth:19.0.0] AndroidManifest.xml:23:9-27:75
159            android:name="com.google.android.gms.auth.api.signin.internal.SignInHubActivity"
159-->[com.google.android.gms:play-services-auth:19.0.0] AndroidManifest.xml:24:13-93
160            android:excludeFromRecents="true"
160-->[com.google.android.gms:play-services-auth:19.0.0] AndroidManifest.xml:25:13-46
161            android:exported="false"
161-->[com.google.android.gms:play-services-auth:19.0.0] AndroidManifest.xml:26:13-37
162            android:theme="@android:style/Theme.Translucent.NoTitleBar" />
162-->[com.google.android.gms:play-services-auth:19.0.0] AndroidManifest.xml:27:13-72
163        <!--
164            Service handling Google Sign-In user revocation. For apps that do not integrate with
165            Google Sign-In, this service will never be started.
166        -->
167        <service
167-->[com.google.android.gms:play-services-auth:19.0.0] AndroidManifest.xml:33:9-37:51
168            android:name="com.google.android.gms.auth.api.signin.RevocationBoundService"
168-->[com.google.android.gms:play-services-auth:19.0.0] AndroidManifest.xml:34:13-89
169            android:exported="true"
169-->[com.google.android.gms:play-services-auth:19.0.0] AndroidManifest.xml:35:13-36
170            android:permission="com.google.android.gms.auth.api.signin.permission.REVOCATION_NOTIFICATION"
170-->[com.google.android.gms:play-services-auth:19.0.0] AndroidManifest.xml:36:13-107
171            android:visibleToInstantApps="true" />
171-->[com.google.android.gms:play-services-auth:19.0.0] AndroidManifest.xml:37:13-48
172
173        <provider
173-->[:expo-file-system] AndroidManifest.xml:17:9-26:20
174            android:name="expo.modules.filesystem.FileSystemFileProvider"
174-->[:expo-file-system] AndroidManifest.xml:18:13-74
175            android:authorities="com.azper.sizzle.FileSystemFileProvider"
175-->[:expo-file-system] AndroidManifest.xml:19:13-74
176            android:exported="false"
176-->[:expo-file-system] AndroidManifest.xml:20:13-37
177            android:grantUriPermissions="true" >
177-->[:expo-file-system] AndroidManifest.xml:21:13-47
178            <meta-data
178-->[:expo-file-system] AndroidManifest.xml:23:13-25:70
179                android:name="android.support.FILE_PROVIDER_PATHS"
179-->[:expo-file-system] AndroidManifest.xml:24:17-67
180                android:resource="@xml/file_system_provider_paths" />
180-->[:expo-file-system] AndroidManifest.xml:25:17-67
181        </provider>
182
183        <activity
183-->[com.facebook.android:facebook-common:9.0.0] AndroidManifest.xml:30:9-33:66
184            android:name="com.facebook.FacebookActivity"
184-->[com.facebook.android:facebook-common:9.0.0] AndroidManifest.xml:31:13-57
185            android:configChanges="keyboard|keyboardHidden|screenLayout|screenSize|orientation"
185-->[com.facebook.android:facebook-common:9.0.0] AndroidManifest.xml:32:13-96
186            android:theme="@style/com_facebook_activity_theme" />
186-->[com.facebook.android:facebook-common:9.0.0] AndroidManifest.xml:33:13-63
187        <activity android:name="com.facebook.CustomTabMainActivity" />
187-->[com.facebook.android:facebook-common:9.0.0] AndroidManifest.xml:34:9-71
187-->[com.facebook.android:facebook-common:9.0.0] AndroidManifest.xml:34:19-68
188        <activity
188-->[com.facebook.android:facebook-common:9.0.0] AndroidManifest.xml:35:9-49:20
189            android:name="com.facebook.CustomTabActivity"
189-->[com.facebook.android:facebook-common:9.0.0] AndroidManifest.xml:36:13-58
190            android:exported="true" >
190-->[com.facebook.android:facebook-common:9.0.0] AndroidManifest.xml:37:13-36
191            <intent-filter>
191-->[com.facebook.android:facebook-common:9.0.0] AndroidManifest.xml:39:13-48:29
192                <action android:name="android.intent.action.VIEW" />
192-->src\main\AndroidManifest.xml:47:9-60
192-->src\main\AndroidManifest.xml:47:17-58
193
194                <category android:name="android.intent.category.DEFAULT" />
194-->src\main\AndroidManifest.xml:48:9-67
194-->src\main\AndroidManifest.xml:48:19-65
195                <category android:name="android.intent.category.BROWSABLE" />
195-->src\main\AndroidManifest.xml:49:9-69
195-->src\main\AndroidManifest.xml:49:19-67
196
197                <data
197-->src\main\AndroidManifest.xml:50:9-50
198                    android:host="cct.com.azper.sizzle"
199                    android:scheme="fbconnect" />
199-->src\main\AndroidManifest.xml:50:15-48
200            </intent-filter>
201        </activity>
202        <activity
202-->[com.google.firebase:firebase-auth:20.0.4] AndroidManifest.xml:27:9-44:20
203            android:name="com.google.firebase.auth.internal.GenericIdpActivity"
203-->[com.google.firebase:firebase-auth:20.0.4] AndroidManifest.xml:28:13-80
204            android:excludeFromRecents="true"
204-->[com.google.firebase:firebase-auth:20.0.4] AndroidManifest.xml:29:13-46
205            android:exported="true"
205-->[com.google.firebase:firebase-auth:20.0.4] AndroidManifest.xml:30:13-36
206            android:launchMode="singleTask"
206-->[com.google.firebase:firebase-auth:20.0.4] AndroidManifest.xml:31:13-44
207            android:theme="@android:style/Theme.Translucent.NoTitleBar" >
207-->[com.google.firebase:firebase-auth:20.0.4] AndroidManifest.xml:32:13-72
208            <intent-filter>
208-->[com.google.firebase:firebase-auth:20.0.4] AndroidManifest.xml:33:13-43:29
209                <action android:name="android.intent.action.VIEW" />
209-->src\main\AndroidManifest.xml:47:9-60
209-->src\main\AndroidManifest.xml:47:17-58
210
211                <category android:name="android.intent.category.DEFAULT" />
211-->src\main\AndroidManifest.xml:48:9-67
211-->src\main\AndroidManifest.xml:48:19-65
212                <category android:name="android.intent.category.BROWSABLE" />
212-->src\main\AndroidManifest.xml:49:9-69
212-->src\main\AndroidManifest.xml:49:19-67
213
214                <data
214-->src\main\AndroidManifest.xml:50:9-50
215                    android:host="firebase.auth"
216                    android:path="/"
217                    android:scheme="genericidp" />
217-->src\main\AndroidManifest.xml:50:15-48
218            </intent-filter>
219        </activity>
220        <activity
220-->[com.google.firebase:firebase-auth:20.0.4] AndroidManifest.xml:45:9-62:20
221            android:name="com.google.firebase.auth.internal.RecaptchaActivity"
221-->[com.google.firebase:firebase-auth:20.0.4] AndroidManifest.xml:46:13-79
222            android:excludeFromRecents="true"
222-->[com.google.firebase:firebase-auth:20.0.4] AndroidManifest.xml:47:13-46
223            android:exported="true"
223-->[com.google.firebase:firebase-auth:20.0.4] AndroidManifest.xml:48:13-36
224            android:launchMode="singleTask"
224-->[com.google.firebase:firebase-auth:20.0.4] AndroidManifest.xml:49:13-44
225            android:theme="@android:style/Theme.Translucent.NoTitleBar" >
225-->[com.google.firebase:firebase-auth:20.0.4] AndroidManifest.xml:50:13-72
226            <intent-filter>
226-->[com.google.firebase:firebase-auth:20.0.4] AndroidManifest.xml:51:13-61:29
227                <action android:name="android.intent.action.VIEW" />
227-->src\main\AndroidManifest.xml:47:9-60
227-->src\main\AndroidManifest.xml:47:17-58
228
229                <category android:name="android.intent.category.DEFAULT" />
229-->src\main\AndroidManifest.xml:48:9-67
229-->src\main\AndroidManifest.xml:48:19-65
230                <category android:name="android.intent.category.BROWSABLE" />
230-->src\main\AndroidManifest.xml:49:9-69
230-->src\main\AndroidManifest.xml:49:19-67
231
232                <data
232-->src\main\AndroidManifest.xml:50:9-50
233                    android:host="firebase.auth"
234                    android:path="/"
235                    android:scheme="recaptcha" />
235-->src\main\AndroidManifest.xml:50:15-48
236            </intent-filter>
237        </activity>
238
239        <service
239-->[com.google.firebase:firebase-auth:20.0.4] AndroidManifest.xml:64:9-73:19
240            android:name="com.google.firebase.auth.api.fallback.service.FirebaseAuthFallbackService"
240-->[com.google.firebase:firebase-auth:20.0.4] AndroidManifest.xml:65:13-101
241            android:enabled="true"
241-->[com.google.firebase:firebase-auth:20.0.4] AndroidManifest.xml:66:13-35
242            android:exported="false" >
242-->[com.google.firebase:firebase-auth:20.0.4] AndroidManifest.xml:67:13-37
243            <intent-filter>
243-->[com.google.firebase:firebase-auth:20.0.4] AndroidManifest.xml:68:13-72:29
244                <action android:name="com.google.firebase.auth.api.gms.service.START" />
244-->[com.google.firebase:firebase-auth:20.0.4] AndroidManifest.xml:69:17-89
244-->[com.google.firebase:firebase-auth:20.0.4] AndroidManifest.xml:69:25-86
245
246                <category android:name="android.intent.category.DEFAULT" />
246-->src\main\AndroidManifest.xml:48:9-67
246-->src\main\AndroidManifest.xml:48:19-65
247            </intent-filter>
248        </service>
249        <service
249-->[com.google.firebase:firebase-auth:20.0.4] AndroidManifest.xml:74:9-80:19
250            android:name="com.google.firebase.components.ComponentDiscoveryService"
250-->[com.google.firebase:firebase-auth:20.0.4] AndroidManifest.xml:75:13-84
251            android:directBootAware="true"
251-->[com.google.firebase:firebase-common:19.5.0] AndroidManifest.xml:35:13-43
252            android:exported="false" >
252-->[com.google.firebase:firebase-auth:20.0.4] AndroidManifest.xml:76:13-37
253            <meta-data
253-->[com.google.firebase:firebase-auth:20.0.4] AndroidManifest.xml:77:13-79:85
254                android:name="com.google.firebase.components:com.google.firebase.auth.FirebaseAuthRegistrar"
254-->[com.google.firebase:firebase-auth:20.0.4] AndroidManifest.xml:78:17-109
255                android:value="com.google.firebase.components.ComponentRegistrar" />
255-->[com.google.firebase:firebase-auth:20.0.4] AndroidManifest.xml:79:17-82
256            <meta-data
256-->[com.google.firebase:firebase-messaging:21.1.0] AndroidManifest.xml:52:13-54:85
257                android:name="com.google.firebase.components:com.google.firebase.messaging.FirebaseMessagingRegistrar"
257-->[com.google.firebase:firebase-messaging:21.1.0] AndroidManifest.xml:53:17-119
258                android:value="com.google.firebase.components.ComponentRegistrar" />
258-->[com.google.firebase:firebase-messaging:21.1.0] AndroidManifest.xml:54:17-82
259            <meta-data
259-->[com.google.firebase:firebase-datatransport:17.0.10] AndroidManifest.xml:28:13-30:85
260                android:name="com.google.firebase.components:com.google.firebase.datatransport.TransportRegistrar"
260-->[com.google.firebase:firebase-datatransport:17.0.10] AndroidManifest.xml:29:17-115
261                android:value="com.google.firebase.components.ComponentRegistrar" />
261-->[com.google.firebase:firebase-datatransport:17.0.10] AndroidManifest.xml:30:17-82
262            <meta-data
262-->[com.google.firebase:firebase-iid:21.1.0] AndroidManifest.xml:32:13-34:85
263                android:name="com.google.firebase.components:com.google.firebase.iid.Registrar"
263-->[com.google.firebase:firebase-iid:21.1.0] AndroidManifest.xml:33:17-96
264                android:value="com.google.firebase.components.ComponentRegistrar" />